<?xml version="1.0" encoding="utf-8"?><testsuites name="pytest tests"><testsuite name="pytest" errors="0" failures="0" skipped="0" tests="12" time="2.364" timestamp="2026-07-01T09:09:23.573138+00:00" hostname="agent-env-11a721d8-696e-4914-8690-02cb947dff80"><testcase classname="tests.test_admin_leads.TestAuth" name="test_login_success" time="0.383" /><testcase classname="tests.test_admin_leads.TestSubmissions" name="test_contact_submit" time="0.383" /><testcase classname="tests.test_admin_leads.TestSubmissions" name="test_launch_submit" time="0.045" /><testcase classname="tests.test_admin_leads.TestAuth" name="test_login_wrong_password_returns_401" time="0.050" /><testcase classname="tests.test_admin_leads.TestSubmissions" name="test_contact_validation_missing_fields" time="0.043" /><testcase classname="tests.test_admin_leads.TestAuth" name="test_brute_force_lockout_with_throwaway" time="0.940" /><testcase classname="tests.test_admin_leads.TestSubmissions" name="test_contact_invalid_email" time="0.081" /><testcase classname="tests.test_admin_leads.TestAdminSubmissions" name="test_list_without_token_401" time="0.141" /><testcase classname="tests.test_admin_leads.TestAdminSubmissions" name="test_list_with_invalid_token_401" time="0.137" /><testcase classname="tests.test_admin_leads.TestAdminSubmissions" name="test_list_with_valid_token" time="0.373" /><testcase classname="tests.test_admin_leads.TestAuth" name="test_auth_me_requires_token" time="0.091" /><testcase classname="tests.test_admin_leads.TestAuth" name="test_auth_me_with_token" time="0.368" /></testsuite></testsuites>