<?xml version="1.0" encoding="utf-8"?><testsuites name="pytest tests"><testsuite name="pytest" errors="0" failures="0" skipped="0" tests="7" time="88.296" timestamp="2026-07-01T08:39:12.920545+00:00" hostname="agent-env-11a721d8-696e-4914-8690-02cb947dff80"><testcase classname="tests.test_wizard_strategy.TestWizardStrategy" name="test_status_code_200" time="47.939" /><testcase classname="tests.test_wizard_strategy.TestWizardStrategy" name="test_has_sections_array" time="0.000" /><testcase classname="tests.test_wizard_strategy.TestWizardStrategy" name="test_section_shape" time="0.000" /><testcase classname="tests.test_wizard_strategy.TestWizardStrategy" name="test_expected_section_titles_present" time="0.000" /><testcase classname="tests.test_wizard_strategy.TestWizardStrategy" name="test_content_mentions_org_context" time="0.000" /><testcase classname="tests.test_wizard_strategy.TestWizardStrategy" name="test_empty_answers_still_returns_or_fails_gracefully" time="39.574" /><testcase classname="tests.test_wizard_strategy.TestWizardStrategy" name="test_invalid_payload_returns_422" time="0.180" /></testsuite></testsuites>